Arguments: 
  /Users/jofas/.nvm/versions/node/v14.17.0/bin/node /Users/jofas/.nvm/versions/node/v14.17.0/bin/yarn init --y

PATH: 
  /Users/jofas/.nvm/versions/node/v14.17.0/bin:/opt/homebrew/bin:/opt/homebrew/sbin:/usr/local/bin:/usr/bin:/bin:/usr/sbin:/sbin:/Library/Apple/usr/bin:/Applications/Visual Studio Code.app/Contents/Resources/app/bin:/Users/jofas/Library/Android/sdk/emulator:/Users/jofas/Library/Android/sdk/tools:/Users/jofas/Library/Android/sdk/tools/bin:/Users/jofas/Library/Android/sdk/platform-tools

Yarn version: 
  1.22.17

Node version: 
  14.17.0

Platform: 
  darwin arm64

Trace: 
  Error: canceled
      at Interface.<anonymous> (/Users/jofas/.nvm/versions/node/v14.17.0/lib/node_modules/yarn/lib/cli.js:137143:13)
      at Interface.emit (events.js:376:20)
      at Interface._ttyWrite (readline.js:880:16)
      at ReadStream.onkeypress (readline.js:213:10)
      at ReadStream.emit (events.js:376:20)
      at emitKeys (internal/readline/utils.js:345:14)
      at emitKeys.next (<anonymous>)
      at ReadStream.onData (readline.js:1149:36)
      at ReadStream.emit (events.js:376:20)
      at addChunk (internal/streams/readable.js:309:12)

npm manifest: 
  No manifest

yarn manifest: 
  No manifest

Lockfile: 
  No lockfile
